c:\users\xavier\source\repos\jipxx\debug\jip_nvse.lib
c:\users\xavier\source\repos\jipxx\debug\jip_nvse.exp
c:\users\xavier\source\repos\jipxx\debug\jip_nvse.ipdb
c:\users\xavier\source\repos\jipxx\debug\jip_nvse.iobj
c:\users\xavier\source\repos\jipxx\debug\jip_nvse.dll
c:\users\xavier\source\repos\jipxx\debug\jip_nvse.pdb
c:\users\xavier\source\repos\jipxx\debug\.d.json
c:\users\xavier\source\repos\jipxx\debug\gamedata.obj
c:\users\xavier\source\repos\jipxx\debug\xinput.obj
c:\users\xavier\source\repos\jipxx\debug\havok.obj
c:\users\xavier\source\repos\jipxx\debug\containers.obj
c:\users\xavier\source\repos\jipxx\debug\gamebsextradata.obj
c:\users\xavier\source\repos\jipxx\debug\dinput.obj
c:\users\xavier\source\repos\jipxx\debug\memory_pool.obj
c:\users\xavier\source\repos\jipxx\debug\utility.obj
c:\users\xavier\source\repos\jipxx\debug\gameextradata.obj
c:\users\xavier\source\repos\jipxx\debug\ni_types.obj
c:\users\xavier\source\repos\jipxx\debug\jip_core.obj
c:\users\xavier\source\repos\jipxx\debug\gameforms.obj
c:\users\xavier\source\repos\jipxx\debug\gameapi.obj
c:\users\xavier\source\repos\jipxx\debug\netimmerse.obj
c:\users\xavier\source\repos\jipxx\debug\gametiles.obj
c:\users\xavier\source\repos\jipxx\debug\gamesound.obj
c:\users\xavier\source\repos\jipxx\debug\gamertti.obj
c:\users\xavier\source\repos\jipxx\debug\gamescript.obj
c:\users\xavier\source\repos\jipxx\debug\gamesettings.obj
c:\users\xavier\source\repos\jipxx\debug\gameobjects.obj
c:\users\xavier\source\repos\jipxx\debug\gametypes.obj
c:\users\xavier\source\repos\jipxx\debug\gameui.obj
c:\users\xavier\source\repos\jipxx\debug\jip_nvse.obj
c:\users\xavier\source\repos\jipxx\debug\jip_nvse.res
c:\users\xavier\source\repos\jipxx\debug\gameapi.cpp.module.json
c:\users\xavier\source\repos\jipxx\debug\utility.cpp.module.json
c:\users\xavier\source\repos\jipxx\debug\memory_pool.cpp.module.json
c:\users\xavier\source\repos\jipxx\debug\ni_types.cpp.module.json
c:\users\xavier\source\repos\jipxx\debug\gamebsextradata.cpp.module.json
c:\users\xavier\source\repos\jipxx\debug\jip_core.cpp.module.json
c:\users\xavier\source\repos\jipxx\debug\gameforms.cpp.module.json
c:\users\xavier\source\repos\jipxx\debug\netimmerse.cpp.module.json
c:\users\xavier\source\repos\jipxx\debug\gamedata.cpp.module.json
c:\users\xavier\source\repos\jipxx\debug\gameextradata.cpp.module.json
c:\users\xavier\source\repos\jipxx\debug\havok.cpp.module.json
c:\users\xavier\source\repos\jipxx\debug\containers.cpp.module.json
c:\users\xavier\source\repos\jipxx\debug\dinput.cpp.module.json
c:\users\xavier\source\repos\jipxx\debug\xinput.cpp.module.json
c:\users\xavier\source\repos\jipxx\debug\gameui.cpp.module.json
c:\users\xavier\source\repos\jipxx\debug\gameobjects.cpp.module.json
c:\users\xavier\source\repos\jipxx\debug\gametiles.cpp.module.json
c:\users\xavier\source\repos\jipxx\debug\gamesettings.cpp.module.json
c:\users\xavier\source\repos\jipxx\debug\gamescript.cpp.module.json
c:\users\xavier\source\repos\jipxx\debug\gamertti.cpp.module.json
c:\users\xavier\source\repos\jipxx\debug\gamesound.cpp.module.json
c:\users\xavier\source\repos\jipxx\debug\gametypes.cpp.module.json
c:\users\xavier\source\repos\jipxx\debug\jip_nvse.cpp.module.json
c:\users\xavier\source\repos\jipxx\debug\vc143.pdb
c:\users\xavier\source\repos\jipxx\debug\jip_nvse.tlog\cl.command.1.tlog
c:\users\xavier\source\repos\jipxx\debug\jip_nvse.tlog\cl.items.tlog
c:\users\xavier\source\repos\jipxx\debug\jip_nvse.tlog\link.command.1.tlog
c:\users\xavier\source\repos\jipxx\debug\jip_nvse.tlog\link.read.1.tlog
c:\users\xavier\source\repos\jipxx\debug\jip_nvse.tlog\link.write.1.tlog
c:\users\xavier\source\repos\jipxx\debug\jip_nvse.tlog\link.write.2u.tlog
c:\users\xavier\source\repos\jipxx\debug\jip_nvse.tlog\microsoft.build.cpptasks.cl.read.1.tlog
c:\users\xavier\source\repos\jipxx\debug\jip_nvse.tlog\microsoft.build.cpptasks.cl.write.1.tlog
c:\users\xavier\source\repos\jipxx\debug\jip_nvse.tlog\rc.command.1.tlog
c:\users\xavier\source\repos\jipxx\debug\jip_nvse.tlog\rc.read.1.tlog
c:\users\xavier\source\repos\jipxx\debug\jip_nvse.tlog\rc.write.1.tlog
c:\users\xavier\source\repos\jipxx\debug\jip_nvse_md.tlog\cl.command.1.tlog
c:\users\xavier\source\repos\jipxx\debug\jip_nvse_md.tlog\microsoft.build.cpptasks.cl.read.1.tlog
c:\users\xavier\source\repos\jipxx\debug\jip_nvse_md.tlog\microsoft.build.cpptasks.cl.write.1.tlog
