c:\users\xavier\source\repos\jipx\release\jip_nvse.lib
c:\users\xavier\source\repos\jipx\release\jip_nvse.exp
c:\users\xavier\source\repos\jipx\release\jip_nvse.ipdb
c:\users\xavier\source\repos\jipx\release\jip_nvse.iobj
c:\users\xavier\source\repos\jipx\release\jip_nvse.dll
c:\users\xavier\source\repos\jipx\release\jip_nvse.pdb
c:\users\xavier\source\repos\jipx\release\.d.json
c:\users\xavier\source\repos\jipx\release\utility.obj
c:\users\xavier\source\repos\jipx\release\gameapi.obj
c:\users\xavier\source\repos\jipx\release\ni_types.obj
c:\users\xavier\source\repos\jipx\release\netimmerse.obj
c:\users\xavier\source\repos\jipx\release\gamedata.obj
c:\users\xavier\source\repos\jipx\release\jip_core.obj
c:\users\xavier\source\repos\jipx\release\xinput.obj
c:\users\xavier\source\repos\jipx\release\gamebsextradata.obj
c:\users\xavier\source\repos\jipx\release\gameextradata.obj
c:\users\xavier\source\repos\jipx\release\havok.obj
c:\users\xavier\source\repos\jipx\release\containers.obj
c:\users\xavier\source\repos\jipx\release\dinput.obj
c:\users\xavier\source\repos\jipx\release\memory_pool.obj
c:\users\xavier\source\repos\jipx\release\gameobjects.obj
c:\users\xavier\source\repos\jipx\release\gameui.obj
c:\users\xavier\source\repos\jipx\release\gamertti.obj
c:\users\xavier\source\repos\jipx\release\gamescript.obj
c:\users\xavier\source\repos\jipx\release\gamesound.obj
c:\users\xavier\source\repos\jipx\release\gametypes.obj
c:\users\xavier\source\repos\jipx\release\gametiles.obj
c:\users\xavier\source\repos\jipx\release\gameforms.obj
c:\users\xavier\source\repos\jipx\release\gamesettings.obj
c:\users\xavier\source\repos\jipx\release\jip_nvse.obj
c:\users\xavier\source\repos\jipx\release\jip_nvse.res
c:\users\xavier\source\repos\jipx\release\gamesettings.cpp.module.json
c:\users\xavier\source\repos\jipx\release\memory_pool.cpp.module.json
c:\users\xavier\source\repos\jipx\release\gametiles.cpp.module.json
c:\users\xavier\source\repos\jipx\release\netimmerse.cpp.module.json
c:\users\xavier\source\repos\jipx\release\gamedata.cpp.module.json
c:\users\xavier\source\repos\jipx\release\gamertti.cpp.module.json
c:\users\xavier\source\repos\jipx\release\utility.cpp.module.json
c:\users\xavier\source\repos\jipx\release\gameforms.cpp.module.json
c:\users\xavier\source\repos\jipx\release\gameobjects.cpp.module.json
c:\users\xavier\source\repos\jipx\release\havok.cpp.module.json
c:\users\xavier\source\repos\jipx\release\xinput.cpp.module.json
c:\users\xavier\source\repos\jipx\release\gameextradata.cpp.module.json
c:\users\xavier\source\repos\jipx\release\gameui.cpp.module.json
c:\users\xavier\source\repos\jipx\release\gameapi.cpp.module.json
c:\users\xavier\source\repos\jipx\release\gamescript.cpp.module.json
c:\users\xavier\source\repos\jipx\release\dinput.cpp.module.json
c:\users\xavier\source\repos\jipx\release\jip_core.cpp.module.json
c:\users\xavier\source\repos\jipx\release\ni_types.cpp.module.json
c:\users\xavier\source\repos\jipx\release\gametypes.cpp.module.json
c:\users\xavier\source\repos\jipx\release\gamesound.cpp.module.json
c:\users\xavier\source\repos\jipx\release\containers.cpp.module.json
c:\users\xavier\source\repos\jipx\release\gamebsextradata.cpp.module.json
c:\users\xavier\source\repos\jipx\release\jip_nvse.cpp.module.json
c:\users\xavier\source\repos\jipx\release\vc143.pdb
c:\users\xavier\source\repos\jipx\release\jip_nvse.tlog\cl.command.1.tlog
c:\users\xavier\source\repos\jipx\release\jip_nvse.tlog\cl.items.tlog
c:\users\xavier\source\repos\jipx\release\jip_nvse.tlog\link.command.1.tlog
c:\users\xavier\source\repos\jipx\release\jip_nvse.tlog\link.read.1.tlog
c:\users\xavier\source\repos\jipx\release\jip_nvse.tlog\link.write.1.tlog
c:\users\xavier\source\repos\jipx\release\jip_nvse.tlog\link.write.2u.tlog
c:\users\xavier\source\repos\jipx\release\jip_nvse.tlog\microsoft.build.cpptasks.cl.read.1.tlog
c:\users\xavier\source\repos\jipx\release\jip_nvse.tlog\microsoft.build.cpptasks.cl.write.1.tlog
c:\users\xavier\source\repos\jipx\release\jip_nvse.tlog\rc.command.1.tlog
c:\users\xavier\source\repos\jipx\release\jip_nvse.tlog\rc.read.1.tlog
c:\users\xavier\source\repos\jipx\release\jip_nvse.tlog\rc.write.1.tlog
c:\users\xavier\source\repos\jipx\release\jip_nvse_md.tlog\cl.command.1.tlog
c:\users\xavier\source\repos\jipx\release\jip_nvse_md.tlog\microsoft.build.cpptasks.cl.read.1.tlog
c:\users\xavier\source\repos\jipx\release\jip_nvse_md.tlog\microsoft.build.cpptasks.cl.write.1.tlog
